\BOOKMARK [1][-]{section.1}{\376\377\000I\000n\000t\000r\000o\000d\000u\000\347\000\343\000o}{}% 1
\BOOKMARK [1][-]{section.2}{\376\377\000N\000o\000t\000a\000\347\000\343\000o\000\040\000C\000i\000e\000n\000t\000\355\000f\000i\000c\000a}{}% 2
\BOOKMARK [2][-]{subsection.2.1}{\376\377\000C\000o\000n\000c\000e\000i\000t\000o\000\040\000T\000e\000\363\000r\000i\000c\000o}{section.2}% 3
\BOOKMARK [2][-]{subsection.2.2}{\376\377\000Q\000u\000e\000s\000t\000\343\000o\000\040\0001}{section.2}% 4
\BOOKMARK [2][-]{subsection.2.3}{\376\377\000Q\000u\000e\000s\000t\000\343\000o\000\040\0002}{section.2}% 5
\BOOKMARK [1][-]{section.3}{\376\377\000G\000e\000o\000m\000e\000t\000r\000i\000a\000\040\000B\000\341\000s\000i\000c\000a\000\040\000-\000\040\000P\000e\000r\000\355\000m\000e\000t\000r\000o}{}% 6
\BOOKMARK [2][-]{subsection.3.1}{\376\377\000C\000o\000n\000c\000e\000i\000t\000o\000\040\000T\000e\000\363\000r\000i\000c\000o}{section.3}% 7
\BOOKMARK [2][-]{subsection.3.2}{\376\377\000Q\000u\000e\000s\000t\000\343\000o\000\040\0003}{section.3}% 8
\BOOKMARK [1][-]{section.4}{\376\377\000E\000q\000u\000a\000\347\000\365\000e\000s\000\040\000d\000o\000\040\0001\000\272\000\040\000G\000r\000a\000u}{}% 9
\BOOKMARK [2][-]{subsection.4.1}{\376\377\000C\000o\000n\000c\000e\000i\000t\000o\000\040\000T\000e\000\363\000r\000i\000c\000o}{section.4}% 10
\BOOKMARK [2][-]{subsection.4.2}{\376\377\000Q\000u\000e\000s\000t\000\343\000o\000\040\0004}{section.4}% 11
\BOOKMARK [2][-]{subsection.4.3}{\376\377\000Q\000u\000e\000s\000t\000\343\000o\000\040\0005}{section.4}% 12
\BOOKMARK [1][-]{section.5}{\376\377\000P\000r\000o\000b\000l\000e\000m\000a\000s\000\040\000A\000l\000g\000\351\000b\000r\000i\000c\000o\000s}{}% 13
\BOOKMARK [2][-]{subsection.5.1}{\376\377\000C\000o\000n\000c\000e\000i\000t\000o\000\040\000T\000e\000\363\000r\000i\000c\000o}{section.5}% 14
\BOOKMARK [2][-]{subsection.5.2}{\376\377\000Q\000u\000e\000s\000t\000\343\000o\000\040\0006}{section.5}% 15
\BOOKMARK [1][-]{section.6}{\376\377\000R\000e\000g\000r\000a\000\040\000d\000e\000\040\000T\000r\000\352\000s}{}% 16
\BOOKMARK [2][-]{subsection.6.1}{\376\377\000C\000o\000n\000c\000e\000i\000t\000o\000\040\000T\000e\000\363\000r\000i\000c\000o}{section.6}% 17
\BOOKMARK [2][-]{subsection.6.2}{\376\377\000Q\000u\000e\000s\000t\000\343\000o\000\040\0007}{section.6}% 18
\BOOKMARK [2][-]{subsection.6.3}{\376\377\000Q\000u\000e\000s\000t\000\343\000o\000\040\0008}{section.6}% 19
\BOOKMARK [1][-]{section.7}{\376\377\000P\000r\000o\000p\000o\000r\000c\000i\000o\000n\000a\000l\000i\000d\000a\000d\000e}{}% 20
\BOOKMARK [2][-]{subsection.7.1}{\376\377\000C\000o\000n\000c\000e\000i\000t\000o\000\040\000T\000e\000\363\000r\000i\000c\000o}{section.7}% 21
\BOOKMARK [2][-]{subsection.7.2}{\376\377\000Q\000u\000e\000s\000t\000\343\000o\000\040\0009}{section.7}% 22
\BOOKMARK [1][-]{section.8}{\376\377\000G\000e\000o\000m\000e\000t\000r\000i\000a\000\040\000E\000s\000p\000a\000c\000i\000a\000l}{}% 23
\BOOKMARK [2][-]{subsection.8.1}{\376\377\000C\000o\000n\000c\000e\000i\000t\000o\000\040\000T\000e\000\363\000r\000i\000c\000o}{section.8}% 24
\BOOKMARK [2][-]{subsection.8.2}{\376\377\000Q\000u\000e\000s\000t\000\343\000o\000\040\0001\0000}{section.8}% 25
\BOOKMARK [1][-]{section.9}{\376\377\000C\000o\000n\000c\000l\000u\000s\000\343\000o}{}% 26
