This is pdfTeX, Version 3.141592653-2.6-1.40.25 (MiKTeX 24.1 Portable) (preloaded format=pdflatex 2025.3.26)  14 APR 2025 10:38
entering extended mode
 restricted \write18 enabled.
 %&-line parsing enabled.
**%f

*

(C:\Users\Jeffrey24\scoop\apps\miktex\current\texmfs\install\tex/latex/tools\.t
ex
LaTeX2e <2023-11-01> patch level 1
L3 programming layer <2024-01-04>
File ignored)
(Please type a command or say `\end')
*
(Please type a command or say `\end')
*
(Please type a command or say `\end')
*
(Please type a command or say `\end')
*
(Please type a command or say `\end')
*
(Please type a command or say `\end')
*
! Emergency stop.
<*> 
    
End of file on the terminal!

 
Here is how much of TeX's memory you used:
 16 strings out of 474485
 539 string characters out of 5736636
 1924542 words of memory out of 5000000
 22405 multiletter control sequences out of 15000+600000
 558069 words of font info for 36 fonts, out of 8000000 for 9000
 1141 hyphenation exceptions out of 8191
 13i,0n,13p,80b,8s stack positions out of 10000i,1000n,20000p,200000b,200000s
!  ==> Fatal error occurred, no output PDF file produced!
