This is pdfTeX, Version 3.141592653-2.6-1.40.27 (TeX Live 2026/dev/Arch Linux) (preloaded format=pdflatex 2025.5.2)  5 MAY 2025 10:00
entering extended mode
 restricted \write18 enabled.
 %&-line parsing enabled.
**/mnt/c/Users/Jeffrey24/Documents/2025/CulturaDigital_CulturaPopularContempora
nea/Fevereiro/SegundaSemana/segundaSemana.tex

(/mnt/c/Users/Jeffrey24/Documents/2025/CulturaDigital_CulturaPopularContemporan
ea/Fevereiro/SegundaSemana/segundaSemana.tex
LaTeX2e <2024-11-01> patch level 2
L3 programming layer <2025-01-18>
(/usr/share/texmf-dist/tex/latex/base/article.cls
Document Class: article 2024/06/29 v1.4n Standard LaTeX document class
(/usr/share/texmf-dist/tex/latex/base/size12.clo
File: size12.clo 2024/06/29 v1.4n Standard LaTeX file (size option)
)
\c@part=\count196
\c@section=\count197
\c@subsection=\count198
\c@subsubsection=\count199
\c@paragraph=\count266
\c@subparagraph=\count267
\c@figure=\count268
\c@table=\count269
\abovecaptionskip=\skip49
\belowcaptionskip=\skip50
\bibindent=\dimen141
)
(/usr/share/texmf-dist/tex/latex/base/inputenc.sty
Package: inputenc 2024/02/08 v1.3d Input encoding file
\inpenc@prehook=\toks17
\inpenc@posthook=\toks18
)
(/usr/share/texmf-dist/tex/generic/babel/babel.sty
Package: babel 2025/02/14 v25.4 The multilingual framework for pdfLaTeX, LuaLaT
eX and XeLaTeX
\babel@savecnt=\count270
\U@D=\dimen142
\l@unhyphenated=\language3

(/usr/share/texmf-dist/tex/generic/babel/txtbabel.def)
\bbl@readstream=\read2
\bbl@dirlevel=\count271

(/usr/share/texmf-dist/tex/generic/babel/errbabel.def)

! Package babel Error: Unknown option 'brazil'. Either you misspelled it
(babel)                or the language definition file brazil.ldf
(babel)                was not found.

See the babel package documentation for explanation.
Type  H <return>  for immediate help.
 ...                                              
                                                  
l.4138 \ProcessOptions*
                       
? 
Package babel Info: You haven't specified a language as a class or package
(babel)             option. I'll load 'nil'. Reported on input line 4188.
(/usr/share/texmf-dist/tex/generic/babel/nil.ldf
Language: nil 2025/02/14 v25.4 Nil language
\l@nil=\language4
))
(/usr/share/texmf-dist/tex/latex/enumitem/enumitem.sty
Package: enumitem 2025/02/06 v3.11 Customized lists
\enitkv@toks@=\toks19
\labelindent=\skip51
\enit@outerparindent=\dimen143
\enit@toks=\toks20
\enit@inbox=\box52
\enit@count@id=\count272
\enitdp@description=\count273
)
(/usr/share/texmf-dist/tex/latex/l3backend/l3backend-pdftex.def
File: l3backend-pdftex.def 2024-05-08 L3 backend support: PDF output (pdfTeX)
\l__color_backend_stack_int=\count274
\l__pdf_internal_box=\box53
)
(./segundaSemana.aux

Package babel Warning: Undefined language 'brazil' in aux.
(babel)                Reported on input line 5.

)
\openout1 = `segundaSemana.aux'.

LaTeX Font Info:    Checking defaults for OML/cmm/m/it on input line 10.
LaTeX Font Info:    ... okay on input line 10.
LaTeX Font Info:    Checking defaults for OMS/cmsy/m/n on input line 10.
LaTeX Font Info:    ... okay on input line 10.
LaTeX Font Info:    Checking defaults for OT1/cmr/m/n on input line 10.
LaTeX Font Info:    ... okay on input line 10.
LaTeX Font Info:    Checking defaults for T1/cmr/m/n on input line 10.
LaTeX Font Info:    ... okay on input line 10.
LaTeX Font Info:    Checking defaults for TS1/cmr/m/n on input line 10.
LaTeX Font Info:    ... okay on input line 10.
LaTeX Font Info:    Checking defaults for OMX/cmex/m/n on input line 10.
LaTeX Font Info:    ... okay on input line 10.
LaTeX Font Info:    Checking defaults for U/cmr/m/n on input line 10.
LaTeX Font Info:    ... okay on input line 10.
LaTeX Font Info:    External font `cmex10' loaded for size
(Font)              <14.4> on input line 12.
LaTeX Font Info:    External font `cmex10' loaded for size
(Font)              <7> on input line 12.

Overfull \hbox (17.18877pt too wide) in paragraph at lines 26--28
[]\OT1/cmr/bx/n/12 Quais s~ao os efeitos das redes sociais na sa^^Sude mental, 
especialmente
 []


Overfull \hbox (2.83759pt too wide) in paragraph at lines 26--28
\OT1/cmr/m/n/12 social constante, cyberbullying e a busca por valida^^Xc~ao por
 meio de curtidas
 []


Overfull \hbox (11.83186pt too wide) in paragraph at lines 29--31
[]\OT1/cmr/bx/n/12 Como os algoritmos das redes sociais influenciam o comportam
ento
 []


Overfull \hbox (7.35622pt too wide) in paragraph at lines 29--31
\OT1/cmr/bx/n/12 Resposta: \OT1/cmr/m/n/12 Os algoritmos s~ao projetados para m
anter os usu^^Sarios engajados
 []


Overfull \hbox (4.01257pt too wide) in paragraph at lines 29--31
\OT1/cmr/m/n/12 pelo maior tempo poss^^S^^Pvel, mostrando conte^^Sudos viciante
s e personalizados.
 []



[1

{/var/lib/texmf/fonts/map/pdftex/updmap/pdftex.map}]
Overfull \hbox (29.48386pt too wide) in paragraph at lines 35--37
\OT1/cmr/bx/n/12 Resposta: \OT1/cmr/m/n/12 O document^^Sario mostra que as rede
s sociais facilitam a dissemina^^Xc~ao
 []


Overfull \hbox (9.35411pt too wide) in paragraph at lines 38--40
[]\OT1/cmr/bx/n/12 Quais s~ao as cr^^S^^Pticas feitas aos ex-funcion^^Sarios de
 grandes empresas
 []


Overfull \hbox (1.48128pt too wide) in paragraph at lines 38--40
\OT1/cmr/bx/n/12 Resposta: \OT1/cmr/m/n/12 Os ex-funcion^^Sarios criticam a fal
ta de ^^Setica no desenvolvimento
 []


Overfull \hbox (13.3472pt too wide) in paragraph at lines 38--40
\OT1/cmr/m/n/12 viciados, al^^Sem da neglig^encia em rela^^Xc~ao aos impactos n
egativos na sociedade. 
 []


Overfull \hbox (13.47775pt too wide) in paragraph at lines 41--43
\OT1/cmr/m/n/12 criar bolhas de filtro que refor^^Xcam vis~oes extremistas e ao
 promover conte^^Sudos
 []


Overfull \hbox (38.23099pt too wide) in paragraph at lines 44--46
\OT1/cmr/bx/n/12 Resposta: \OT1/cmr/m/n/12 O document^^Sario sugere maior regul
a^^Xc~ao governamental, transpar^encia
 []



[2] (./segundaSemana.aux)
 ***********
LaTeX2e <2024-11-01> patch level 2
L3 programming layer <2025-01-18>
 ***********
 ) 
Here is how much of TeX's memory you used:
 1892 strings out of 475171
 34660 string characters out of 5767096
 439463 words of memory out of 5000000
 24945 multiletter control sequences out of 15000+600000
 561260 words of font info for 44 fonts, out of 8000000 for 9000
 14 hyphenation exceptions out of 8191
 38i,6n,50p,426b,262s stack positions out of 10000i,1000n,20000p,200000b,200000s
</usr/share/texmf-dist/fonts/type1/public/amsfonts/cm/cmbx12.pfb></usr/share/
texmf-dist/fonts/type1/public/amsfonts/cm/cmr12.pfb></usr/share/texmf-dist/font
s/type1/public/amsfonts/cm/cmr17.pfb>
Output written on segundaSemana.pdf (2 pages, 47723 bytes).
PDF statistics:
 26 PDF objects out of 1000 (max. 8388607)
 15 compressed objects within 1 object stream
 0 named destinations out of 1000 (max. 500000)
 1 words of extra memory for PDF output out of 10000 (max. 10000000)

