This is pdfTeX, Version 3.141592653-2.6-1.40.25 (MiKTeX 24.1 Portable) (preloaded format=pdflatex 2025.3.26)  24 APR 2025 11:49
entering extended mode
 restricted \write18 enabled.
 %&-line parsing enabled.
**C:/Users/Jeffrey24/Documents/2025/Projeto/aula.tex
(C:/Users/Jeffrey24/Documents/2025/Projeto/aula.tex
LaTeX2e <2023-11-01> patch level 1
L3 programming layer <2024-01-04>

(C:\Users\Jeffrey24\scoop\apps\miktex\current\texmfs\install\tex/latex/base\art
icle.cls
Document Class: article 2023/05/17 v1.4n Standard LaTeX document class

(C:\Users\Jeffrey24\scoop\apps\miktex\current\texmfs\install\tex/latex/base\siz
e10.clo
File: size10.clo 2023/05/17 v1.4n Standard LaTeX file (size option)
)
\c@part=\count187
\c@section=\count188
\c@subsection=\count189
\c@subsubsection=\count190
\c@paragraph=\count191
\c@subparagraph=\count192
\c@figure=\count193
\c@table=\count194
\abovecaptionskip=\skip48
\belowcaptionskip=\skip49
\bibindent=\dimen140
)
(C:\Users\Jeffrey24\scoop\apps\miktex\current\texmfs\install\tex/latex/base\inp
utenc.sty
Package: inputenc 2021/02/14 v1.3d Input encoding file
\inpenc@prehook=\toks17
\inpenc@posthook=\toks18
)
(C:\Users\Jeffrey24\scoop\apps\miktex\current\texmfs\install\tex/generic/babel\
babel.sty
Package: babel 2024/01/07 v24.1 The Babel package
\babel@savecnt=\count195
\U@D=\dimen141
\l@unhyphenated=\language79

(C:\Users\Jeffrey24\scoop\apps\miktex\current\texmfs\install\tex/generic/babel\
txtbabel.def)
\bbl@readstream=\read2
\bbl@dirlevel=\count196

*************************************
* Local config file bblopts.cfg used
*

(C:\Users\Jeffrey24\scoop\apps\miktex\current\texmfs\install\tex/latex/arabi\bb
lopts.cfg
File: bblopts.cfg 2005/09/08 v0.1 add Arabic and Farsi to "declared" options of
 babel
)
(C:\Users\Jeffrey24\scoop\apps\miktex\current\texmfs\install\tex/latex/babel-po
rtuges\portuguese.ldf
Language: portuges 2021/07/09 v1.2t Portuguese support from the babel system
Package babel Info: Making " an active character on input line 143.
))
(C:\Users\Jeffrey24\scoop\apps\miktex\current\texmfs\install\tex/generic/babel/
locale/pt\babel-portuguese.tex
Package babel Info: Importing font and identification data for portuguese
(babel)             from babel-pt.ini. Reported on input line 11.
)
(C:\Users\Jeffrey24\scoop\apps\miktex\current\texmfs\install\tex/latex/graphics
\graphicx.sty
Package: graphicx 2021/09/16 v1.2d Enhanced LaTeX Graphics (DPC,SPQR)

(C:\Users\Jeffrey24\scoop\apps\miktex\current\texmfs\install\tex/latex/graphics
\keyval.sty
Package: keyval 2022/05/29 v1.15 key=value parser (DPC)
\KV@toks@=\toks19
)
(C:\Users\Jeffrey24\scoop\apps\miktex\current\texmfs\install\tex/latex/graphics
\graphics.sty
Package: graphics 2022/03/10 v1.4e Standard LaTeX Graphics (DPC,SPQR)

(C:\Users\Jeffrey24\scoop\apps\miktex\current\texmfs\install\tex/latex/graphics
\trig.sty
Package: trig 2021/08/11 v1.11 sin cos tan (DPC)
)
(C:\Users\Jeffrey24\scoop\apps\miktex\current\texmfs\install\tex/latex/graphics
-cfg\graphics.cfg
File: graphics.cfg 2016/06/04 v1.11 sample graphics configuration
)
Package graphics Info: Driver file: pdftex.def on input line 107.

(C:\Users\Jeffrey24\scoop\apps\miktex\current\texmfs\install\tex/latex/graphics
-def\pdftex.def
File: pdftex.def 2022/09/22 v1.2b Graphics/color driver for pdftex
))
\Gin@req@height=\dimen142
\Gin@req@width=\dimen143
)
(C:\Users\Jeffrey24\scoop\apps\miktex\current\texmfs\install\tex/latex/hyperref
\hyperref.sty
Package: hyperref 2023-11-26 v7.01g Hypertext links for LaTeX

(C:\Users\Jeffrey24\scoop\apps\miktex\current\texmfs\install\tex/generic/iftex\
iftex.sty
Package: iftex 2022/02/03 v1.0f TeX engine tests
)
(C:\Users\Jeffrey24\scoop\apps\miktex\current\texmfs\install\tex/generic/infwar
err\infwarerr.sty
Package: infwarerr 2019/12/03 v1.5 Providing info/warning/error messages (HO)
)
(C:\Users\Jeffrey24\scoop\apps\miktex\current\texmfs\install\tex/latex/kvsetkey
s\kvsetkeys.sty
Package: kvsetkeys 2022-10-05 v1.19 Key value parser (HO)
)
(C:\Users\Jeffrey24\scoop\apps\miktex\current\texmfs\install\tex/generic/kvdefi
nekeys\kvdefinekeys.sty
Package: kvdefinekeys 2019-12-19 v1.6 Define keys (HO)
)
(C:\Users\Jeffrey24\scoop\apps\miktex\current\texmfs\install\tex/generic/pdfesc
ape\pdfescape.sty
Package: pdfescape 2019/12/09 v1.15 Implements pdfTeX's escape features (HO)

(C:\Users\Jeffrey24\scoop\apps\miktex\current\texmfs\install\tex/generic/ltxcmd
s\ltxcmds.sty
Package: ltxcmds 2023-12-04 v1.26 LaTeX kernel commands for general use (HO)
)
(C:\Users\Jeffrey24\scoop\apps\miktex\current\texmfs\install\tex/generic/pdftex
cmds\pdftexcmds.sty
Package: pdftexcmds 2020-06-27 v0.33 Utility functions of pdfTeX for LuaTeX (HO
)
Package pdftexcmds Info: \pdf@primitive is available.
Package pdftexcmds Info: \pdf@ifprimitive is available.
Package pdftexcmds Info: \pdfdraftmode found.
))
(C:\Users\Jeffrey24\scoop\apps\miktex\current\texmfs\install\tex/latex/hycolor\
hycolor.sty
Package: hycolor 2020-01-27 v1.10 Color options for hyperref/bookmark (HO)
)
(C:\Users\Jeffrey24\scoop\apps\miktex\current\texmfs\install\tex/latex/letltxma
cro\letltxmacro.sty
Package: letltxmacro 2019/12/03 v1.6 Let assignment for LaTeX macros (HO)
)
(C:\Users\Jeffrey24\scoop\apps\miktex\current\texmfs\install\tex/latex/auxhook\
auxhook.sty
Package: auxhook 2019-12-17 v1.6 Hooks for auxiliary files (HO)
)
(C:\Users\Jeffrey24\scoop\apps\miktex\current\texmfs\install\tex/latex/hyperref
\nameref.sty
Package: nameref 2023-11-26 v2.56 Cross-referencing by name of section

(C:\Users\Jeffrey24\scoop\apps\miktex\current\texmfs\install\tex/latex/refcount
\refcount.sty
Package: refcount 2019/12/15 v3.6 Data extraction from label references (HO)
)
(C:\Users\Jeffrey24\scoop\apps\miktex\current\texmfs\install\tex/generic/gettit
lestring\gettitlestring.sty
Package: gettitlestring 2019/12/15 v1.6 Cleanup title references (HO)

(C:\Users\Jeffrey24\scoop\apps\miktex\current\texmfs\install\tex/latex/kvoption
s\kvoptions.sty
Package: kvoptions 2022-06-15 v3.15 Key value format for package options (HO)
))
\c@section@level=\count197
)
(C:\Users\Jeffrey24\scoop\apps\miktex\current\texmfs\install\tex/latex/etoolbox
\etoolbox.sty
Package: etoolbox 2020/10/05 v2.5k e-TeX tools for LaTeX (JAW)
\etb@tempcnta=\count198
)
\@linkdim=\dimen144
\Hy@linkcounter=\count199
\Hy@pagecounter=\count266

(C:\Users\Jeffrey24\scoop\apps\miktex\current\texmfs\install\tex/latex/hyperref
\pd1enc.def
File: pd1enc.def 2023-11-26 v7.01g Hyperref: PDFDocEncoding definition (HO)
Now handling font encoding PD1 ...
... no UTF-8 mapping file for font encoding PD1
)
(C:\Users\Jeffrey24\scoop\apps\miktex\current\texmfs\install\tex/generic/intcal
c\intcalc.sty
Package: intcalc 2019/12/15 v1.3 Expandable calculations with integers (HO)
)
\Hy@SavedSpaceFactor=\count267

(C:\Users\Jeffrey24\scoop\apps\miktex\current\texmfs\install\tex/latex/hyperref
\puenc.def
File: puenc.def 2023-11-26 v7.01g Hyperref: PDF Unicode definition (HO)
Now handling font encoding PU ...
... no UTF-8 mapping file for font encoding PU
)
Package hyperref Info: Hyper figures OFF on input line 4181.
Package hyperref Info: Link nesting OFF on input line 4186.
Package hyperref Info: Hyper index ON on input line 4189.
Package hyperref Info: Plain pages OFF on input line 4196.
Package hyperref Info: Backreferencing OFF on input line 4201.
Package hyperref Info: Implicit mode ON; LaTeX internals redefined.
Package hyperref Info: Bookmarks ON on input line 4448.
\c@Hy@tempcnt=\count268

(C:\Users\Jeffrey24\scoop\apps\miktex\current\texmfs\install\tex/latex/url\url.
sty
\Urlmuskip=\muskip16
Package: url 2013/09/16  ver 3.4  Verb mode for urls, etc.
)
LaTeX Info: Redefining \url on input line 4786.
\XeTeXLinkMargin=\dimen145

(C:\Users\Jeffrey24\scoop\apps\miktex\current\texmfs\install\tex/generic/bitset
\bitset.sty
Package: bitset 2019/12/09 v1.3 Handle bit-vector datatype (HO)

(C:\Users\Jeffrey24\scoop\apps\miktex\current\texmfs\install\tex/generic/bigint
calc\bigintcalc.sty
Package: bigintcalc 2019/12/15 v1.5 Expandable calculations on big integers (HO
)
))
\Fld@menulength=\count269
\Field@Width=\dimen146
\Fld@charsize=\dimen147
Package hyperref Info: Hyper figures OFF on input line 6065.
Package hyperref Info: Link nesting OFF on input line 6070.
Package hyperref Info: Hyper index ON on input line 6073.
Package hyperref Info: backreferencing OFF on input line 6080.
Package hyperref Info: Link coloring OFF on input line 6085.
Package hyperref Info: Link coloring with OCG OFF on input line 6090.
Package hyperref Info: PDF/A mode OFF on input line 6095.

(C:\Users\Jeffrey24\scoop\apps\miktex\current\texmfs\install\tex/latex/base\atb
egshi-ltx.sty
Package: atbegshi-ltx 2021/01/10 v1.0c Emulation of the original atbegshi
package with kernel methods
)
\Hy@abspage=\count270
\c@Item=\count271
\c@Hfootnote=\count272
)
Package hyperref Info: Driver (autodetected): hpdftex.

(C:\Users\Jeffrey24\scoop\apps\miktex\current\texmfs\install\tex/latex/hyperref
\hpdftex.def
File: hpdftex.def 2023-11-26 v7.01g Hyperref driver for pdfTeX

(C:\Users\Jeffrey24\scoop\apps\miktex\current\texmfs\install\tex/latex/base\atv
eryend-ltx.sty
Package: atveryend-ltx 2020/08/19 v1.0a Emulation of the original atveryend pac
kage
with kernel methods
)
\Fld@listcount=\count273
\c@bookmark@seq@number=\count274

(C:\Users\Jeffrey24\scoop\apps\miktex\current\texmfs\install\tex/latex/rerunfil
echeck\rerunfilecheck.sty
Package: rerunfilecheck 2022-07-10 v1.10 Rerun checks for auxiliary files (HO)

(C:\Users\Jeffrey24\scoop\apps\miktex\current\texmfs\install\tex/generic/unique
counter\uniquecounter.sty
Package: uniquecounter 2019/12/15 v1.4 Provide unlimited unique counter (HO)
)
Package uniquecounter Info: New unique counter `rerunfilecheck' on input line 2
85.
)
\Hy@SectionHShift=\skip50
)
(C:\Users\Jeffrey24\scoop\apps\miktex\current\texmfs\install\tex/latex/l3backen
d\l3backend-pdftex.def
File: l3backend-pdftex.def 2024-01-04 L3 backend support: PDF output (pdfTeX)
\l__color_backend_stack_int=\count275
\l__pdf_internal_box=\box51
) (aula.aux)
\openout1 = `aula.aux'.

LaTeX Font Info:    Checking defaults for OML/cmm/m/it on input line 11.
LaTeX Font Info:    ... okay on input line 11.
LaTeX Font Info:    Checking defaults for OMS/cmsy/m/n on input line 11.
LaTeX Font Info:    ... okay on input line 11.
LaTeX Font Info:    Checking defaults for OT1/cmr/m/n on input line 11.
LaTeX Font Info:    ... okay on input line 11.
LaTeX Font Info:    Checking defaults for T1/cmr/m/n on input line 11.
LaTeX Font Info:    ... okay on input line 11.
LaTeX Font Info:    Checking defaults for TS1/cmr/m/n on input line 11.
LaTeX Font Info:    ... okay on input line 11.
LaTeX Font Info:    Checking defaults for OMX/cmex/m/n on input line 11.
LaTeX Font Info:    ... okay on input line 11.
LaTeX Font Info:    Checking defaults for U/cmr/m/n on input line 11.
LaTeX Font Info:    ... okay on input line 11.
LaTeX Font Info:    Checking defaults for PD1/pdf/m/n on input line 11.
LaTeX Font Info:    ... okay on input line 11.
LaTeX Font Info:    Checking defaults for PU/pdf/m/n on input line 11.
LaTeX Font Info:    ... okay on input line 11.

(C:\Users\Jeffrey24\scoop\apps\miktex\current\texmfs\install\tex/context/base/m
kii\supp-pdf.mkii
[Loading MPS to PDF converter (version 2006.09.02).]
\scratchcounter=\count276
\scratchdimen=\dimen148
\scratchbox=\box52
\nofMPsegments=\count277
\nofMParguments=\count278
\everyMPshowfont=\toks20
\MPscratchCnt=\count279
\MPscratchDim=\dimen149
\MPnumerator=\count280
\makeMPintoPDFobject=\count281
\everyMPtoPDFconversion=\toks21
)
(C:\Users\Jeffrey24\scoop\apps\miktex\current\texmfs\install\tex/latex/epstopdf
-pkg\epstopdf-base.sty
Package: epstopdf-base 2020-01-24 v2.11 Base part for package epstopdf
Package epstopdf-base Info: Redefining graphics rule for `.eps' on input line 4
85.

(C:\Users\Jeffrey24\scoop\apps\miktex\current\texmfs\install\tex/latex/00miktex
\epstopdf-sys.cfg
File: epstopdf-sys.cfg 2021/03/18 v2.0 Configuration of epstopdf for MiKTeX
))
Package hyperref Info: Link coloring OFF on input line 11.
 (aula.out) (aula.out)
\@outlinefile=\write3
\openout3 = `aula.out'.

LaTeX Font Info:    External font `cmex10' loaded for size
(Font)              <12> on input line 14.
LaTeX Font Info:    External font `cmex10' loaded for size
(Font)              <8> on input line 14.
LaTeX Font Info:    External font `cmex10' loaded for size
(Font)              <6> on input line 14.


! LaTeX Error: Unicode character Ω (U+03A9)
               not set up for use with LaTeX.

See the LaTeX manual or LaTeX Companion for explanation.
Type  H <return>  for immediate help.
 ...                                              
                                                  
l.23     \item Resistores (220Ω
                                 para os LEDs)
? 

! LaTeX Error: Unicode character Ω (U+03A9)
               not set up for use with LaTeX.

See the LaTeX manual or LaTeX Companion for explanation.
Type  H <return>  for immediate help.
 ...                                              
                                                  
l.45 ... RGB à protoboard com resistores de 220Ω
                                                   nos cátodos (pernas R, G...

? 
[1

{C:/Users/Jeffrey24/scoop/apps/miktex/current/texmfs/data/fonts/map/pdftex/pdft
ex.map}]
Overfull \hbox (57.99673pt too wide) in paragraph at lines 111--111
 []\OT1/cmtt/m/n/10 Adafruit_TCS34725 tcs = Adafruit_TCS34725(TCS34725_INTEGRAT
IONTIME_50MS,[] 
 []

[2]
Overfull \hbox (10.74715pt too wide) in paragraph at lines 111--111
 []  \OT1/cmtt/m/n/10 // Mapeia cores para LEDs (exemplo: vermelho = polui^^Xc~
ao alta)[] 
 []

[3] (aula.aux)
 ***********
LaTeX2e <2023-11-01> patch level 1
L3 programming layer <2024-01-04>
 ***********
Package rerunfilecheck Info: File `aula.out' has not changed.
(rerunfilecheck)             Checksum: 54DCA7F9EE8AB3509B2192D0F04E0477;1637.
 ) 
Here is how much of TeX's memory you used:
 9481 strings out of 474485
 154410 string characters out of 5736636
 1934542 words of memory out of 5000000
 31647 multiletter control sequences out of 15000+600000
 562519 words of font info for 51 fonts, out of 8000000 for 9000
 1141 hyphenation exceptions out of 8191
 75i,6n,79p,344b,696s stack positions out of 10000i,1000n,20000p,200000b,200000s
 <C:\Users\Jeffrey24\scoop\apps\miktex\current\texmfs/data\fonts/pk/ljfour/jk
nappen/ec/dpi600\tcrm1000.pk><C:/Users/Jeffrey24/scoop/apps/miktex/current/texm
fs/install/fonts/type1/public/amsfonts/cm/cmbx12.pfb><C:/Users/Jeffrey24/scoop/
apps/miktex/current/texmfs/install/fonts/type1/public/amsfonts/cm/cmr10.pfb><C:
/Users/Jeffrey24/scoop/apps/miktex/current/texmfs/install/fonts/type1/public/am
sfonts/cm/cmr12.pfb><C:/Users/Jeffrey24/scoop/apps/miktex/current/texmfs/instal
l/fonts/type1/public/amsfonts/cm/cmr17.pfb><C:/Users/Jeffrey24/scoop/apps/mikte
x/current/texmfs/install/fonts/type1/public/amsfonts/cm/cmtt10.pfb>
Output written on aula.pdf (3 pages, 97913 bytes).
PDF statistics:
 104 PDF objects out of 1000 (max. 8388607)
 25 named destinations out of 1000 (max. 500000)
 73 words of extra memory for PDF output out of 10000 (max. 10000000)

