This is pdfTeX, Version 3.141592653-2.6-1.40.25 (MiKTeX 24.1 Portable) (preloaded format=pdflatex 2025.3.26)  1 APR 2025 06:34
entering extended mode
 restricted \write18 enabled.
 %&-line parsing enabled.
**"./aula1 (1).tex"
(aula1 (1).tex
LaTeX2e <2023-11-01> patch level 1
L3 programming layer <2024-01-04>

(C:\Users\Jeffrey24\scoop\apps\miktex\current\texmfs\install\tex/latex/base\art
icle.cls
Document Class: article 2023/05/17 v1.4n Standard LaTeX document class

(C:\Users\Jeffrey24\scoop\apps\miktex\current\texmfs\install\tex/latex/base\siz
e12.clo
File: size12.clo 2023/05/17 v1.4n Standard LaTeX file (size option)
)
\c@part=\count187
\c@section=\count188
\c@subsection=\count189
\c@subsubsection=\count190
\c@paragraph=\count191
\c@subparagraph=\count192
\c@figure=\count193
\c@table=\count194
\abovecaptionskip=\skip48
\belowcaptionskip=\skip49
\bibindent=\dimen140
)
(C:\Users\Jeffrey24\scoop\apps\miktex\current\texmfs\install\tex/latex/base\inp
utenc.sty
Package: inputenc 2021/02/14 v1.3d Input encoding file
\inpenc@prehook=\toks17
\inpenc@posthook=\toks18
)
(C:\Users\Jeffrey24\scoop\apps\miktex\current\texmfs\install\tex/latex/amsmath\
amsmath.sty
Package: amsmath 2023/05/13 v2.17o AMS math features
\@mathmargin=\skip50

For additional information on amsmath, use the `?' option.

(C:\Users\Jeffrey24\scoop\apps\miktex\current\texmfs\install\tex/latex/amsmath\
amstext.sty
Package: amstext 2021/08/26 v2.01 AMS text

(C:\Users\Jeffrey24\scoop\apps\miktex\current\texmfs\install\tex/latex/amsmath\
amsgen.sty
File: amsgen.sty 1999/11/30 v2.0 generic functions
\@emptytoks=\toks19
\ex@=\dimen141
))
(C:\Users\Jeffrey24\scoop\apps\miktex\current\texmfs\install\tex/latex/amsmath\
amsbsy.sty
Package: amsbsy 1999/11/29 v1.2d Bold Symbols
\pmbraise@=\dimen142
)
(C:\Users\Jeffrey24\scoop\apps\miktex\current\texmfs\install\tex/latex/amsmath\
amsopn.sty
Package: amsopn 2022/04/08 v2.04 operator names
)
\inf@bad=\count195
LaTeX Info: Redefining \frac on input line 234.
\uproot@=\count196
\leftroot@=\count197
LaTeX Info: Redefining \overline on input line 399.
LaTeX Info: Redefining \colon on input line 410.
\classnum@=\count198
\DOTSCASE@=\count199
LaTeX Info: Redefining \ldots on input line 496.
LaTeX Info: Redefining \dots on input line 499.
LaTeX Info: Redefining \cdots on input line 620.
\Mathstrutbox@=\box51
\strutbox@=\box52
LaTeX Info: Redefining \big on input line 722.
LaTeX Info: Redefining \Big on input line 723.
LaTeX Info: Redefining \bigg on input line 724.
LaTeX Info: Redefining \Bigg on input line 725.
\big@size=\dimen143
LaTeX Font Info:    Redeclaring font encoding OML on input line 743.
LaTeX Font Info:    Redeclaring font encoding OMS on input line 744.
\macc@depth=\count266
LaTeX Info: Redefining \bmod on input line 905.
LaTeX Info: Redefining \pmod on input line 910.
LaTeX Info: Redefining \smash on input line 940.
LaTeX Info: Redefining \relbar on input line 970.
LaTeX Info: Redefining \Relbar on input line 971.
\c@MaxMatrixCols=\count267
\dotsspace@=\muskip16
\c@parentequation=\count268
\dspbrk@lvl=\count269
\tag@help=\toks20
\row@=\count270
\column@=\count271
\maxfields@=\count272
\andhelp@=\toks21
\eqnshift@=\dimen144
\alignsep@=\dimen145
\tagshift@=\dimen146
\tagwidth@=\dimen147
\totwidth@=\dimen148
\lineht@=\dimen149
\@envbody=\toks22
\multlinegap=\skip51
\multlinetaggap=\skip52
\mathdisplay@stack=\toks23
LaTeX Info: Redefining \[ on input line 2953.
LaTeX Info: Redefining \] on input line 2954.
)
(C:\Users\Jeffrey24\scoop\apps\miktex\current\texmfs\install\tex/latex/tools\mu
lticol.sty
Package: multicol 2023/03/30 v1.9f multicolumn formatting (FMi)
\c@tracingmulticols=\count273
\mult@box=\box53
\multicol@leftmargin=\dimen150
\c@unbalance=\count274
\c@collectmore=\count275
\doublecol@number=\count276
\multicoltolerance=\count277
\multicolpretolerance=\count278
\full@width=\dimen151
\page@free=\dimen152
\premulticols=\dimen153
\postmulticols=\dimen154
\multicolsep=\skip53
\multicolbaselineskip=\skip54
\partial@page=\box54
\last@line=\box55
\mc@boxedresult=\box56
\maxbalancingoverflow=\dimen155
\mult@rightbox=\box57
\mult@grightbox=\box58
\mult@firstbox=\box59
\mult@gfirstbox=\box60
\@tempa=\box61
\@tempa=\box62
\@tempa=\box63
\@tempa=\box64
\@tempa=\box65
\@tempa=\box66
\@tempa=\box67
\@tempa=\box68
\@tempa=\box69
\@tempa=\box70
\@tempa=\box71
\@tempa=\box72
\@tempa=\box73
\@tempa=\box74
\@tempa=\box75
\@tempa=\box76
\@tempa=\box77
\@tempa=\box78
\@tempa=\box79
\@tempa=\box80
\@tempa=\box81
\@tempa=\box82
\@tempa=\box83
\@tempa=\box84
\@tempa=\box85
\@tempa=\box86
\@tempa=\box87
\@tempa=\box88
\@tempa=\box89
\@tempa=\box90
\@tempa=\box91
\@tempa=\box92
\@tempa=\box93
\@tempa=\box94
\@tempa=\box95
\@tempa=\box96
\c@minrows=\count279
\c@columnbadness=\count280
\c@finalcolumnbadness=\count281
\last@try=\dimen156
\multicolovershoot=\dimen157
\multicolundershoot=\dimen158
\mult@nat@firstbox=\box97
\colbreak@box=\box98
\mc@col@check@num=\count282
)
(C:\Users\Jeffrey24\scoop\apps\miktex\current\texmfs\install\tex/latex/geometry
\geometry.sty
Package: geometry 2020/01/02 v5.9 Page Geometry

(C:\Users\Jeffrey24\scoop\apps\miktex\current\texmfs\install\tex/latex/graphics
\keyval.sty
Package: keyval 2022/05/29 v1.15 key=value parser (DPC)
\KV@toks@=\toks24
)
(C:\Users\Jeffrey24\scoop\apps\miktex\current\texmfs\install\tex/generic/iftex\
ifvtex.sty
Package: ifvtex 2019/10/25 v1.7 ifvtex legacy package. Use iftex instead.

(C:\Users\Jeffrey24\scoop\apps\miktex\current\texmfs\install\tex/generic/iftex\
iftex.sty
Package: iftex 2022/02/03 v1.0f TeX engine tests
))
\Gm@cnth=\count283
\Gm@cntv=\count284
\c@Gm@tempcnt=\count285
\Gm@bindingoffset=\dimen159
\Gm@wd@mp=\dimen160
\Gm@odd@mp=\dimen161
\Gm@even@mp=\dimen162
\Gm@layoutwidth=\dimen163
\Gm@layoutheight=\dimen164
\Gm@layouthoffset=\dimen165
\Gm@layoutvoffset=\dimen166
\Gm@dimlist=\toks25

(C:\Users\Jeffrey24\scoop\apps\miktex\current\texmfs\install\tex/latex/geometry
\geometry.cfg))
(C:\Users\Jeffrey24\scoop\apps\miktex\current\texmfs\install\tex/latex/pgf/fron
tendlayer\tikz.sty
(C:\Users\Jeffrey24\scoop\apps\miktex\current\texmfs\install\tex/latex/pgf/basi
clayer\pgf.sty
(C:\Users\Jeffrey24\scoop\apps\miktex\current\texmfs\install\tex/latex/pgf/util
ities\pgfrcs.sty
(C:\Users\Jeffrey24\scoop\apps\miktex\current\texmfs\install\tex/generic/pgf/ut
ilities\pgfutil-common.tex
\pgfutil@everybye=\toks26
\pgfutil@tempdima=\dimen167
\pgfutil@tempdimb=\dimen168
)
(C:\Users\Jeffrey24\scoop\apps\miktex\current\texmfs\install\tex/generic/pgf/ut
ilities\pgfutil-latex.def
\pgfutil@abb=\box99
)
(C:\Users\Jeffrey24\scoop\apps\miktex\current\texmfs\install\tex/generic/pgf/ut
ilities\pgfrcs.code.tex
(C:\Users\Jeffrey24\scoop\apps\miktex\current\texmfs\install\tex/generic/pgf\pg
f.revision.tex)
Package: pgfrcs 2023-01-15 v3.1.10 (3.1.10)
))
Package: pgf 2023-01-15 v3.1.10 (3.1.10)

(C:\Users\Jeffrey24\scoop\apps\miktex\current\texmfs\install\tex/latex/pgf/basi
clayer\pgfcore.sty
(C:\Users\Jeffrey24\scoop\apps\miktex\current\texmfs\install\tex/latex/graphics
\graphicx.sty
Package: graphicx 2021/09/16 v1.2d Enhanced LaTeX Graphics (DPC,SPQR)

(C:\Users\Jeffrey24\scoop\apps\miktex\current\texmfs\install\tex/latex/graphics
\graphics.sty
Package: graphics 2022/03/10 v1.4e Standard LaTeX Graphics (DPC,SPQR)

(C:\Users\Jeffrey24\scoop\apps\miktex\current\texmfs\install\tex/latex/graphics
\trig.sty
Package: trig 2021/08/11 v1.11 sin cos tan (DPC)
)
(C:\Users\Jeffrey24\scoop\apps\miktex\current\texmfs\install\tex/latex/graphics
-cfg\graphics.cfg
File: graphics.cfg 2016/06/04 v1.11 sample graphics configuration
)
Package graphics Info: Driver file: pdftex.def on input line 107.

(C:\Users\Jeffrey24\scoop\apps\miktex\current\texmfs\install\tex/latex/graphics
-def\pdftex.def
File: pdftex.def 2022/09/22 v1.2b Graphics/color driver for pdftex
))
\Gin@req@height=\dimen169
\Gin@req@width=\dimen170
)
(C:\Users\Jeffrey24\scoop\apps\miktex\current\texmfs\install\tex/latex/pgf/syst
emlayer\pgfsys.sty
(C:\Users\Jeffrey24\scoop\apps\miktex\current\texmfs\install\tex/generic/pgf/sy
stemlayer\pgfsys.code.tex
Package: pgfsys 2023-01-15 v3.1.10 (3.1.10)

(C:\Users\Jeffrey24\scoop\apps\miktex\current\texmfs\install\tex/generic/pgf/ut
ilities\pgfkeys.code.tex
\pgfkeys@pathtoks=\toks27
\pgfkeys@temptoks=\toks28

(C:\Users\Jeffrey24\scoop\apps\miktex\current\texmfs\install\tex/generic/pgf/ut
ilities\pgfkeyslibraryfiltered.code.tex
\pgfkeys@tmptoks=\toks29
))
\pgf@x=\dimen171
\pgf@y=\dimen172
\pgf@xa=\dimen173
\pgf@ya=\dimen174
\pgf@xb=\dimen175
\pgf@yb=\dimen176
\pgf@xc=\dimen177
\pgf@yc=\dimen178
\pgf@xd=\dimen179
\pgf@yd=\dimen180
\w@pgf@writea=\write3
\r@pgf@reada=\read2
\c@pgf@counta=\count286
\c@pgf@countb=\count287
\c@pgf@countc=\count288
\c@pgf@countd=\count289
\t@pgf@toka=\toks30
\t@pgf@tokb=\toks31
\t@pgf@tokc=\toks32
\pgf@sys@id@count=\count290

(C:\Users\Jeffrey24\scoop\apps\miktex\current\texmfs\install\tex/generic/pgf/sy
stemlayer\pgf.cfg
File: pgf.cfg 2023-01-15 v3.1.10 (3.1.10)
)
Driver file for pgf: pgfsys-pdftex.def

(C:\Users\Jeffrey24\scoop\apps\miktex\current\texmfs\install\tex/generic/pgf/sy
stemlayer\pgfsys-pdftex.def
File: pgfsys-pdftex.def 2023-01-15 v3.1.10 (3.1.10)

(C:\Users\Jeffrey24\scoop\apps\miktex\current\texmfs\install\tex/generic/pgf/sy
stemlayer\pgfsys-common-pdf.def
File: pgfsys-common-pdf.def 2023-01-15 v3.1.10 (3.1.10)
)))
(C:\Users\Jeffrey24\scoop\apps\miktex\current\texmfs\install\tex/generic/pgf/sy
stemlayer\pgfsyssoftpath.code.tex
File: pgfsyssoftpath.code.tex 2023-01-15 v3.1.10 (3.1.10)
\pgfsyssoftpath@smallbuffer@items=\count291
\pgfsyssoftpath@bigbuffer@items=\count292
)
(C:\Users\Jeffrey24\scoop\apps\miktex\current\texmfs\install\tex/generic/pgf/sy
stemlayer\pgfsysprotocol.code.tex
File: pgfsysprotocol.code.tex 2023-01-15 v3.1.10 (3.1.10)
))
(C:\Users\Jeffrey24\scoop\apps\miktex\current\texmfs\install\tex/latex/xcolor\x
color.sty
Package: xcolor 2023/11/15 v3.01 LaTeX color extensions (UK)

(C:\Users\Jeffrey24\scoop\apps\miktex\current\texmfs\install\tex/latex/graphics
-cfg\color.cfg
File: color.cfg 2016/01/02 v1.6 sample color configuration
)
Package xcolor Info: Driver file: pdftex.def on input line 274.

(C:\Users\Jeffrey24\scoop\apps\miktex\current\texmfs\install\tex/latex/graphics
\mathcolor.ltx)
Package xcolor Info: Model `cmy' substituted by `cmy0' on input line 1350.
Package xcolor Info: Model `hsb' substituted by `rgb' on input line 1354.
Package xcolor Info: Model `RGB' extended on input line 1366.
Package xcolor Info: Model `HTML' substituted by `rgb' on input line 1368.
Package xcolor Info: Model `Hsb' substituted by `hsb' on input line 1369.
Package xcolor Info: Model `tHsb' substituted by `hsb' on input line 1370.
Package xcolor Info: Model `HSB' substituted by `hsb' on input line 1371.
Package xcolor Info: Model `Gray' substituted by `gray' on input line 1372.
Package xcolor Info: Model `wave' substituted by `hsb' on input line 1373.
)
(C:\Users\Jeffrey24\scoop\apps\miktex\current\texmfs\install\tex/generic/pgf/ba
siclayer\pgfcore.code.tex
Package: pgfcore 2023-01-15 v3.1.10 (3.1.10)

(C:\Users\Jeffrey24\scoop\apps\miktex\current\texmfs\install\tex/generic/pgf/ma
th\pgfmath.code.tex
(C:\Users\Jeffrey24\scoop\apps\miktex\current\texmfs\install\tex/generic/pgf/ma
th\pgfmathutil.code.tex)
(C:\Users\Jeffrey24\scoop\apps\miktex\current\texmfs\install\tex/generic/pgf/ma
th\pgfmathparser.code.tex
\pgfmath@dimen=\dimen181
\pgfmath@count=\count293
\pgfmath@box=\box100
\pgfmath@toks=\toks33
\pgfmath@stack@operand=\toks34
\pgfmath@stack@operation=\toks35
)
(C:\Users\Jeffrey24\scoop\apps\miktex\current\texmfs\install\tex/generic/pgf/ma
th\pgfmathfunctions.code.tex)
(C:\Users\Jeffrey24\scoop\apps\miktex\current\texmfs\install\tex/generic/pgf/ma
th\pgfmathfunctions.basic.code.tex)
(C:\Users\Jeffrey24\scoop\apps\miktex\current\texmfs\install\tex/generic/pgf/ma
th\pgfmathfunctions.trigonometric.code.tex)
(C:\Users\Jeffrey24\scoop\apps\miktex\current\texmfs\install\tex/generic/pgf/ma
th\pgfmathfunctions.random.code.tex)
(C:\Users\Jeffrey24\scoop\apps\miktex\current\texmfs\install\tex/generic/pgf/ma
th\pgfmathfunctions.comparison.code.tex)
(C:\Users\Jeffrey24\scoop\apps\miktex\current\texmfs\install\tex/generic/pgf/ma
th\pgfmathfunctions.base.code.tex)
(C:\Users\Jeffrey24\scoop\apps\miktex\current\texmfs\install\tex/generic/pgf/ma
th\pgfmathfunctions.round.code.tex)
(C:\Users\Jeffrey24\scoop\apps\miktex\current\texmfs\install\tex/generic/pgf/ma
th\pgfmathfunctions.misc.code.tex)
(C:\Users\Jeffrey24\scoop\apps\miktex\current\texmfs\install\tex/generic/pgf/ma
th\pgfmathfunctions.integerarithmetics.code.tex)
(C:\Users\Jeffrey24\scoop\apps\miktex\current\texmfs\install\tex/generic/pgf/ma
th\pgfmathcalc.code.tex)
(C:\Users\Jeffrey24\scoop\apps\miktex\current\texmfs\install\tex/generic/pgf/ma
th\pgfmathfloat.code.tex
\c@pgfmathroundto@lastzeros=\count294
))
(C:\Users\Jeffrey24\scoop\apps\miktex\current\texmfs\install\tex/generic/pgf/ma
th\pgfint.code.tex)
(C:\Users\Jeffrey24\scoop\apps\miktex\current\texmfs\install\tex/generic/pgf/ba
siclayer\pgfcorepoints.code.tex
File: pgfcorepoints.code.tex 2023-01-15 v3.1.10 (3.1.10)
\pgf@picminx=\dimen182
\pgf@picmaxx=\dimen183
\pgf@picminy=\dimen184
\pgf@picmaxy=\dimen185
\pgf@pathminx=\dimen186
\pgf@pathmaxx=\dimen187
\pgf@pathminy=\dimen188
\pgf@pathmaxy=\dimen189
\pgf@xx=\dimen190
\pgf@xy=\dimen191
\pgf@yx=\dimen192
\pgf@yy=\dimen193
\pgf@zx=\dimen194
\pgf@zy=\dimen195
)
(C:\Users\Jeffrey24\scoop\apps\miktex\current\texmfs\install\tex/generic/pgf/ba
siclayer\pgfcorepathconstruct.code.tex
File: pgfcorepathconstruct.code.tex 2023-01-15 v3.1.10 (3.1.10)
\pgf@path@lastx=\dimen196
\pgf@path@lasty=\dimen197
)
(C:\Users\Jeffrey24\scoop\apps\miktex\current\texmfs\install\tex/generic/pgf/ba
siclayer\pgfcorepathusage.code.tex
File: pgfcorepathusage.code.tex 2023-01-15 v3.1.10 (3.1.10)
\pgf@shorten@end@additional=\dimen198
\pgf@shorten@start@additional=\dimen199
)
(C:\Users\Jeffrey24\scoop\apps\miktex\current\texmfs\install\tex/generic/pgf/ba
siclayer\pgfcorescopes.code.tex
File: pgfcorescopes.code.tex 2023-01-15 v3.1.10 (3.1.10)
\pgfpic=\box101
\pgf@hbox=\box102
\pgf@layerbox@main=\box103
\pgf@picture@serial@count=\count295
)
(C:\Users\Jeffrey24\scoop\apps\miktex\current\texmfs\install\tex/generic/pgf/ba
siclayer\pgfcoregraphicstate.code.tex
File: pgfcoregraphicstate.code.tex 2023-01-15 v3.1.10 (3.1.10)
\pgflinewidth=\dimen256
)
(C:\Users\Jeffrey24\scoop\apps\miktex\current\texmfs\install\tex/generic/pgf/ba
siclayer\pgfcoretransformations.code.tex
File: pgfcoretransformations.code.tex 2023-01-15 v3.1.10 (3.1.10)
\pgf@pt@x=\dimen257
\pgf@pt@y=\dimen258
\pgf@pt@temp=\dimen259
)
(C:\Users\Jeffrey24\scoop\apps\miktex\current\texmfs\install\tex/generic/pgf/ba
siclayer\pgfcorequick.code.tex
File: pgfcorequick.code.tex 2023-01-15 v3.1.10 (3.1.10)
)
(C:\Users\Jeffrey24\scoop\apps\miktex\current\texmfs\install\tex/generic/pgf/ba
siclayer\pgfcoreobjects.code.tex
File: pgfcoreobjects.code.tex 2023-01-15 v3.1.10 (3.1.10)
)
(C:\Users\Jeffrey24\scoop\apps\miktex\current\texmfs\install\tex/generic/pgf/ba
siclayer\pgfcorepathprocessing.code.tex
File: pgfcorepathprocessing.code.tex 2023-01-15 v3.1.10 (3.1.10)
)
(C:\Users\Jeffrey24\scoop\apps\miktex\current\texmfs\install\tex/generic/pgf/ba
siclayer\pgfcorearrows.code.tex
File: pgfcorearrows.code.tex 2023-01-15 v3.1.10 (3.1.10)
\pgfarrowsep=\dimen260
)
(C:\Users\Jeffrey24\scoop\apps\miktex\current\texmfs\install\tex/generic/pgf/ba
siclayer\pgfcoreshade.code.tex
File: pgfcoreshade.code.tex 2023-01-15 v3.1.10 (3.1.10)
\pgf@max=\dimen261
\pgf@sys@shading@range@num=\count296
\pgf@shadingcount=\count297
)
(C:\Users\Jeffrey24\scoop\apps\miktex\current\texmfs\install\tex/generic/pgf/ba
siclayer\pgfcoreimage.code.tex
File: pgfcoreimage.code.tex 2023-01-15 v3.1.10 (3.1.10)
)
(C:\Users\Jeffrey24\scoop\apps\miktex\current\texmfs\install\tex/generic/pgf/ba
siclayer\pgfcoreexternal.code.tex
File: pgfcoreexternal.code.tex 2023-01-15 v3.1.10 (3.1.10)
\pgfexternal@startupbox=\box104
)
(C:\Users\Jeffrey24\scoop\apps\miktex\current\texmfs\install\tex/generic/pgf/ba
siclayer\pgfcorelayers.code.tex
File: pgfcorelayers.code.tex 2023-01-15 v3.1.10 (3.1.10)
)
(C:\Users\Jeffrey24\scoop\apps\miktex\current\texmfs\install\tex/generic/pgf/ba
siclayer\pgfcoretransparency.code.tex
File: pgfcoretransparency.code.tex 2023-01-15 v3.1.10 (3.1.10)
)
(C:\Users\Jeffrey24\scoop\apps\miktex\current\texmfs\install\tex/generic/pgf/ba
siclayer\pgfcorepatterns.code.tex
File: pgfcorepatterns.code.tex 2023-01-15 v3.1.10 (3.1.10)
)
(C:\Users\Jeffrey24\scoop\apps\miktex\current\texmfs\install\tex/generic/pgf/ba
siclayer\pgfcorerdf.code.tex
File: pgfcorerdf.code.tex 2023-01-15 v3.1.10 (3.1.10)
)))
(C:\Users\Jeffrey24\scoop\apps\miktex\current\texmfs\install\tex/generic/pgf/mo
dules\pgfmoduleshapes.code.tex
File: pgfmoduleshapes.code.tex 2023-01-15 v3.1.10 (3.1.10)
\pgfnodeparttextbox=\box105
)
(C:\Users\Jeffrey24\scoop\apps\miktex\current\texmfs\install\tex/generic/pgf/mo
dules\pgfmoduleplot.code.tex
File: pgfmoduleplot.code.tex 2023-01-15 v3.1.10 (3.1.10)
)
(C:\Users\Jeffrey24\scoop\apps\miktex\current\texmfs\install\tex/latex/pgf/comp
atibility\pgfcomp-version-0-65.sty
Package: pgfcomp-version-0-65 2023-01-15 v3.1.10 (3.1.10)
\pgf@nodesepstart=\dimen262
\pgf@nodesepend=\dimen263
)
(C:\Users\Jeffrey24\scoop\apps\miktex\current\texmfs\install\tex/latex/pgf/comp
atibility\pgfcomp-version-1-18.sty
Package: pgfcomp-version-1-18 2023-01-15 v3.1.10 (3.1.10)
))
(C:\Users\Jeffrey24\scoop\apps\miktex\current\texmfs\install\tex/latex/pgf/util
ities\pgffor.sty
(C:\Users\Jeffrey24\scoop\apps\miktex\current\texmfs\install\tex/latex/pgf/util
ities\pgfkeys.sty
(C:\Users\Jeffrey24\scoop\apps\miktex\current\texmfs\install\tex/generic/pgf/ut
ilities\pgfkeys.code.tex))
(C:\Users\Jeffrey24\scoop\apps\miktex\current\texmfs\install\tex/latex/pgf/math
\pgfmath.sty
(C:\Users\Jeffrey24\scoop\apps\miktex\current\texmfs\install\tex/generic/pgf/ma
th\pgfmath.code.tex))
(C:\Users\Jeffrey24\scoop\apps\miktex\current\texmfs\install\tex/generic/pgf/ut
ilities\pgffor.code.tex
Package: pgffor 2023-01-15 v3.1.10 (3.1.10)
\pgffor@iter=\dimen264
\pgffor@skip=\dimen265
\pgffor@stack=\toks36
\pgffor@toks=\toks37
))
(C:\Users\Jeffrey24\scoop\apps\miktex\current\texmfs\install\tex/generic/pgf/fr
ontendlayer/tikz\tikz.code.tex
Package: tikz 2023-01-15 v3.1.10 (3.1.10)

(C:\Users\Jeffrey24\scoop\apps\miktex\current\texmfs\install\tex/generic/pgf/li
braries\pgflibraryplothandlers.code.tex
File: pgflibraryplothandlers.code.tex 2023-01-15 v3.1.10 (3.1.10)
\pgf@plot@mark@count=\count298
\pgfplotmarksize=\dimen266
)
\tikz@lastx=\dimen267
\tikz@lasty=\dimen268
\tikz@lastxsaved=\dimen269
\tikz@lastysaved=\dimen270
\tikz@lastmovetox=\dimen271
\tikz@lastmovetoy=\dimen272
\tikzleveldistance=\dimen273
\tikzsiblingdistance=\dimen274
\tikz@figbox=\box106
\tikz@figbox@bg=\box107
\tikz@tempbox=\box108
\tikz@tempbox@bg=\box109
\tikztreelevel=\count299
\tikznumberofchildren=\count300
\tikznumberofcurrentchild=\count301
\tikz@fig@count=\count302

(C:\Users\Jeffrey24\scoop\apps\miktex\current\texmfs\install\tex/generic/pgf/mo
dules\pgfmodulematrix.code.tex
File: pgfmodulematrix.code.tex 2023-01-15 v3.1.10 (3.1.10)
\pgfmatrixcurrentrow=\count303
\pgfmatrixcurrentcolumn=\count304
\pgf@matrix@numberofcolumns=\count305
)
\tikz@expandcount=\count306

(C:\Users\Jeffrey24\scoop\apps\miktex\current\texmfs\install\tex/generic/pgf/fr
ontendlayer/tikz/libraries\tikzlibrarytopaths.code.tex
File: tikzlibrarytopaths.code.tex 2023-01-15 v3.1.10 (3.1.10)
)))
(C:\Users\Jeffrey24\scoop\apps\miktex\current\texmfs\install\tex/generic/pgf/li
braries\pgflibraryarrows.meta.code.tex
File: pgflibraryarrows.meta.code.tex 2023-01-15 v3.1.10 (3.1.10)
\pgfarrowinset=\dimen275
\pgfarrowlength=\dimen276
\pgfarrowwidth=\dimen277
\pgfarrowlinewidth=\dimen278
)
(C:\Users\Jeffrey24\scoop\apps\miktex\current\texmfs\install\tex/latex/enumitem
\enumitem.sty
Package: enumitem 2025/02/06 v3.11 Customized lists
\labelindent=\skip55
\enit@outerparindent=\dimen279
\enit@toks=\toks38
\enit@inbox=\box110
\enit@count@id=\count307
\enitdp@description=\count308
)
(C:\Users\Jeffrey24\scoop\apps\miktex\current\texmfs\install\tex/latex/titlesec
\titlesec.sty
Package: titlesec 2025/01/04 v2.17 Sectioning titles
\ttl@box=\box111
\beforetitleunit=\skip56
\aftertitleunit=\skip57
\ttl@plus=\dimen280
\ttl@minus=\dimen281
\ttl@toksa=\toks39
\titlewidth=\dimen282
\titlewidthlast=\dimen283
\titlewidthfirst=\dimen284
)
(C:\Users\Jeffrey24\scoop\apps\miktex\current\texmfs\install\tex/latex/l3backen
d\l3backend-pdftex.def
File: l3backend-pdftex.def 2024-01-04 L3 backend support: PDF output (pdfTeX)
\l__color_backend_stack_int=\count309
\l__pdf_internal_box=\box112
) (aula1 (1).aux)
\openout1 = `"aula1 (1).aux"'.

LaTeX Font Info:    Checking defaults for OML/cmm/m/it on input line 27.
LaTeX Font Info:    ... okay on input line 27.
LaTeX Font Info:    Checking defaults for OMS/cmsy/m/n on input line 27.
LaTeX Font Info:    ... okay on input line 27.
LaTeX Font Info:    Checking defaults for OT1/cmr/m/n on input line 27.
LaTeX Font Info:    ... okay on input line 27.
LaTeX Font Info:    Checking defaults for T1/cmr/m/n on input line 27.
LaTeX Font Info:    ... okay on input line 27.
LaTeX Font Info:    Checking defaults for TS1/cmr/m/n on input line 27.
LaTeX Font Info:    ... okay on input line 27.
LaTeX Font Info:    Checking defaults for OMX/cmex/m/n on input line 27.
LaTeX Font Info:    ... okay on input line 27.
LaTeX Font Info:    Checking defaults for U/cmr/m/n on input line 27.
LaTeX Font Info:    ... okay on input line 27.

*geometry* driver: auto-detecting
*geometry* detected driver: pdftex
*geometry* verbose mode - [ preamble ] result:
* driver: pdftex
* paper: a4paper
* layout: <same size as paper>
* layoutoffset:(h,v)=(0.0pt,0.0pt)
* modes: 
* h-part:(L,W,R)=(28.45274pt, 540.60239pt, 28.45274pt)
* v-part:(T,H,B)=(42.67912pt, 759.6886pt, 42.67912pt)
* \paperwidth=597.50787pt
* \paperheight=845.04684pt
* \textwidth=540.60239pt
* \textheight=759.6886pt
* \oddsidemargin=-43.81725pt
* \evensidemargin=-43.81725pt
* \topmargin=-66.59087pt
* \headheight=12.0pt
* \headsep=25.0pt
* \topskip=12.0pt
* \footskip=30.0pt
* \marginparwidth=44.0pt
* \marginparsep=10.0pt
* \columnsep=10.0pt
* \skip\footins=10.8pt plus 4.0pt minus 2.0pt
* \hoffset=0.0pt
* \voffset=0.0pt
* \mag=1000
* \@twocolumnfalse
* \@twosidefalse
* \@mparswitchfalse
* \@reversemarginfalse
* (1in=72.27pt=25.4mm, 1cm=28.453pt)


(C:\Users\Jeffrey24\scoop\apps\miktex\current\texmfs\install\tex/context/base/m
kii\supp-pdf.mkii
[Loading MPS to PDF converter (version 2006.09.02).]
\scratchcounter=\count310
\scratchdimen=\dimen285
\scratchbox=\box113
\nofMPsegments=\count311
\nofMParguments=\count312
\everyMPshowfont=\toks40
\MPscratchCnt=\count313
\MPscratchDim=\dimen286
\MPnumerator=\count314
\makeMPintoPDFobject=\count315
\everyMPtoPDFconversion=\toks41
)
(C:\Users\Jeffrey24\scoop\apps\miktex\current\texmfs\install\tex/latex/epstopdf
-pkg\epstopdf-base.sty
Package: epstopdf-base 2020-01-24 v2.11 Base part for package epstopdf
Package epstopdf-base Info: Redefining graphics rule for `.eps' on input line 4
85.

(C:\Users\Jeffrey24\scoop\apps\miktex\current\texmfs\install\tex/latex/00miktex
\epstopdf-sys.cfg
File: epstopdf-sys.cfg 2021/03/18 v2.0 Configuration of epstopdf for MiKTeX
))
Underfull \hbox (badness 5622) in paragraph at lines 72--73
[]\OT1/cmr/m/n/12 Compre ape-nas os al-i-men-tos e be-bidas
 []

[1

{C:/Users/Jeffrey24/scoop/apps/miktex/current/texmfs/data/fonts/map/pdftex/pdft
ex.map}] (aula1 (1).aux)
 ***********
LaTeX2e <2023-11-01> patch level 1
L3 programming layer <2024-01-04>
 ***********
 ) 
Here is how much of TeX's memory you used:
 14134 strings out of 474485
 292195 string characters out of 5736636
 1941542 words of memory out of 5000000
 36203 multiletter control sequences out of 15000+600000
 561280 words of font info for 47 fonts, out of 8000000 for 9000
 1141 hyphenation exceptions out of 8191
 102i,6n,107p,422b,278s stack positions out of 10000i,1000n,20000p,200000b,200000s
 <C:\Users\Jeffrey24\scoop\apps\miktex\current\texmfs/data\fonts/pk/ljfour/jk
nappen/ec/dpi600\tcrm1200.pk><C:/Users/Jeffrey24/scoop/apps/miktex/current/texm
fs/install/fonts/type1/public/amsfonts/cm/cmbx12.pfb><C:/Users/Jeffrey24/scoop/
apps/miktex/current/texmfs/install/fonts/type1/public/amsfonts/cm/cmr12.pfb><C:
/Users/Jeffrey24/scoop/apps/miktex/current/texmfs/install/fonts/type1/public/am
sfonts/cm/cmr17.pfb>
Output written on "aula1 (1).pdf" (1 page, 50089 bytes).
PDF statistics:
 29 PDF objects out of 1000 (max. 8388607)
 0 named destinations out of 1000 (max. 500000)
 13 words of extra memory for PDF output out of 10000 (max. 10000000)

